[debug] [2024-06-06T08:31:57.570Z] ----------------------------------------------------------------------
[debug] [2024-06-06T08:31:57.574Z] Command:       C:\Program Files\nodejs\node.exe C:\Users\hp\AppData\Roaming\npm\node_modules\firebase-tools\lib\bin\firebase.js deploy
[debug] [2024-06-06T08:31:57.575Z] CLI Version:   13.2.1
[debug] [2024-06-06T08:31:57.575Z] Platform:      win32
[debug] [2024-06-06T08:31:57.575Z] Node Version:  v20.11.1
[debug] [2024-06-06T08:31:57.575Z] Time:          Thu Jun 06 2024 14:01:57 GMT+0530 (India Standard Time)
[debug] [2024-06-06T08:31:57.576Z] ----------------------------------------------------------------------
[debug] 
[debug] [2024-06-06T08:31:57.755Z] > command requires scopes: ["email","openid","https://www.googleapis.com/auth/cloudplatformprojects.readonly","https://www.googleapis.com/auth/firebase","https://www.googleapis.com/auth/cloud-platform"]
[debug] [2024-06-06T08:31:57.756Z] > authorizing via signed-in user (sandeepluh0001@gmail.com)
[debug] [2024-06-06T08:31:57.756Z] [iam] checking project zkgun-a5497 for permissions ["firebase.projects.get","firebasehosting.sites.update"]
[debug] [2024-06-06T08:31:57.760Z] >>> [apiv2][query] POST https://cloudresourcemanager.googleapis.com/v1/projects/zkgun-a5497:testIamPermissions [none]
[debug] [2024-06-06T08:31:57.760Z] >>> [apiv2][(partial)header] POST https://cloudresourcemanager.googleapis.com/v1/projects/zkgun-a5497:testIamPermissions x-goog-quota-user=projects/zkgun-a5497
[debug] [2024-06-06T08:31:57.760Z] >>> [apiv2][body] POST https://cloudresourcemanager.googleapis.com/v1/projects/zkgun-a5497:testIamPermissions {"permissions":["firebase.projects.get","firebasehosting.sites.update"]}
[debug] [2024-06-06T08:31:59.789Z] <<< [apiv2][status] POST https://cloudresourcemanager.googleapis.com/v1/projects/zkgun-a5497:testIamPermissions 200
[debug] [2024-06-06T08:31:59.789Z] <<< [apiv2][body] POST https://cloudresourcemanager.googleapis.com/v1/projects/zkgun-a5497:testIamPermissions {"permissions":["firebase.projects.get","firebasehosting.sites.update"]}
[debug] [2024-06-06T08:31:59.792Z] >>> [apiv2][query] GET https://firebase.googleapis.com/v1beta1/projects/zkgun-a5497 [none]
[debug] [2024-06-06T08:32:00.441Z] <<< [apiv2][status] GET https://firebase.googleapis.com/v1beta1/projects/zkgun-a5497 200
[debug] [2024-06-06T08:32:00.441Z] <<< [apiv2][body] GET https://firebase.googleapis.com/v1beta1/projects/zkgun-a5497 {"projectId":"zkgun-a5497","projectNumber":"1096674323624","displayName":"zkgun","name":"projects/zkgun-a5497","resources":{"hostingSite":"zkgun-a5497"},"state":"ACTIVE","etag":"1_0fee660d-f383-4335-96a0-e73f9ffc65bc"}
[info] 
[info] === Deploying to 'zkgun-a5497'...
[info] 
[info] i  deploying hosting 
[debug] [2024-06-06T08:32:00.455Z] >>> [apiv2][query] POST https://firebasehosting.googleapis.com/v1beta1/projects/-/sites/zkgun-a5497/versions [none]
[debug] [2024-06-06T08:32:00.456Z] >>> [apiv2][body] POST https://firebasehosting.googleapis.com/v1beta1/projects/-/sites/zkgun-a5497/versions {"status":"CREATED","labels":{"deployment-tool":"cli-firebase"}}
